STORAGE :: DEBUG – Stored sell event with trace id d290f1ee-6c54-4b01-90e6-d701748f0851
STORAGE :: DEBUG – Stored sell event with trace id d290f1ee-6c54-4b01-90e6-d701748f0851
STORAGE :: DEBUG – Stored sell event with trace id d290f1ee-6c54-4b01-90e6-d701748f0851
STORAGE :: DEBUG – Stored sell event with trace id d290f1ee-6c54-4b01-90e6-d701748f0851
STORAGE :: DEBUG – Query for sell items after 1999-01-02T12:11:14Z returns 4 results.
STORAGE :: DEBUG – Stored sell event with trace id d290f1ee-6c54-4b01-90e6-d701748f0851
STORAGE :: DEBUG – Query for sell items after 1999-01-02T12:11:14Z returns 5 results.
STORAGE :: DEBUG – Stored buy event with trace id 05164f05-859f-4811-ad8e-cec7d31ef91f
STORAGE :: DEBUG – Query for buy items after 1970-01-01T00:00:00Z returns 2 results.
STORAGE :: DEBUG – Query for buy items after 1970-01-01T00:00:00Z returns 2 results.
STORAGE :: DEBUG – Query for buy items after 1970-01-01T00:00:00Z returns 2 results.
STORAGE :: DEBUG – Query for buy items after 1970-01-01T00:00:00Z returns 2 results.
STORAGE :: DEBUG – Query for buy items after 1970-01-01T00:00:00Z returns 2 results.
STORAGE :: DEBUG – Query for sell items after 1970-01-01T00:00:00Z returns 5 results.
STORAGE :: DEBUG – Query for buy items after 2023-02-02T10:11:26Z returns 0 results.
STORAGE :: DEBUG – Query for sell items after 2023-02-02T10:11:26Z returns 0 results.
STORAGE :: DEBUG – Query for buy items after 2023-02-02T10:11:31Z returns 0 results.
STORAGE :: DEBUG – Query for sell items after 2023-02-02T10:11:31Z returns 0 results.
STORAGE :: DEBUG – Query for buy items after 2023-02-02T10:11:36Z returns 0 results.
STORAGE :: DEBUG – Query for sell items after 2023-02-02T10:11:36Z returns 0 results.
STORAGE :: DEBUG – Query for buy items after 2023-02-02T10:11:41Z returns 0 results.
STORAGE :: DEBUG – Query for sell items after 2023-02-02T10:11:41Z returns 0 results.
STORAGE :: DEBUG – Query for buy items after 2023-02-02T10:11:46Z returns 0 results.
STORAGE :: DEBUG – Query for sell items after 2023-02-02T10:11:46Z returns 0 results.
STORAGE :: DEBUG – Query for buy items after 2023-02-02T10:11:51Z returns 0 results.
STORAGE :: DEBUG – Query for sell items after 2023-02-02T10:11:51Z returns 0 results.
STORAGE :: DEBUG – Query for buy items after 1970-01-01T00:00:00Z returns 2 results.
STORAGE :: DEBUG – Query for sell items after 1970-01-01T00:00:00Z returns 5 results.
STORAGE :: DEBUG – Stored buy event with trace id 472e8b08-0045-4504-9ec9-cd1254b44282
STORAGE :: DEBUG – Query for buy items after 2023-02-02T10:14:30Z returns 0 results.
STORAGE :: DEBUG – Query for sell items after 2023-02-02T10:14:30Z returns 0 results.
STORAGE :: DEBUG – Query for buy items after 2023-02-02T10:14:35Z returns 0 results.
STORAGE :: DEBUG – Query for sell items after 2023-02-02T10:14:35Z returns 0 results.
STORAGE :: DEBUG – Query for buy items after 2023-02-02T10:14:40Z returns 0 results.
STORAGE :: DEBUG – Query for sell items after 2023-02-02T10:14:40Z returns 0 results.
STORAGE :: DEBUG – Query for buy items after 2023-02-02T10:14:45Z returns 0 results.
STORAGE :: DEBUG – Stored buy event with trace id 2cf273d8-8b52-4454-9233-f0cc79358a8a
STORAGE :: DEBUG – Query for sell items after 2023-02-02T10:14:45Z returns 0 results.
STORAGE :: DEBUG – Stored sell event with trace id d290f1ee-6c54-4b01-90e6-d701748f0851
STORAGE :: DEBUG – Query for buy items after 2023-02-02T10:14:50Z returns 0 results.
STORAGE :: DEBUG – Query for sell items after 2023-02-02T10:14:50Z returns 0 results.
STORAGE :: DEBUG – Stored sell event with trace id d290f1ee-6c54-4b01-90e6-d701748f0851
STORAGE :: DEBUG – Query for buy items after 2023-02-02T10:14:55Z returns 0 results.
STORAGE :: DEBUG – Query for sell items after 2023-02-02T10:14:55Z returns 0 results.
STORAGE :: DEBUG – Query for buy items after 2023-02-02T10:15:00Z returns 0 results.
STORAGE :: DEBUG – Query for sell items after 2023-02-02T10:15:00Z returns 0 results.
STORAGE :: DEBUG – Query for buy items after 2023-02-02T10:15:05Z returns 0 results.
STORAGE :: DEBUG – Query for sell items after 2023-02-02T10:15:05Z returns 0 results.
STORAGE :: DEBUG – Query for buy items after 2023-02-02T10:15:10Z returns 0 results.
STORAGE :: DEBUG – Query for sell items after 2023-02-02T10:15:10Z returns 0 results.
STORAGE :: DEBUG – Query for buy items after 2023-02-02T10:15:15Z returns 0 results.
STORAGE :: DEBUG – Query for sell items after 2023-02-02T10:15:15Z returns 0 results.
STORAGE :: DEBUG – Query for buy items after 2023-02-02T10:15:20Z returns 0 results.
STORAGE :: DEBUG – Query for sell items after 2023-02-02T10:15:20Z returns 0 results.
STORAGE :: DEBUG – Query for buy items after 2023-02-02T10:15:25Z returns 0 results.
STORAGE :: DEBUG – Query for sell items after 2023-02-02T10:15:25Z returns 0 results.
STORAGE :: DEBUG – Query for buy items after 2023-02-02T10:15:30Z returns 0 results.
STORAGE :: DEBUG – Query for sell items after 2023-02-02T10:15:30Z returns 0 results.
STORAGE :: DEBUG – Query for buy items after 2023-02-02T10:15:35Z returns 0 results.
STORAGE :: DEBUG – Query for sell items after 2023-02-02T10:15:35Z returns 0 results.
STORAGE :: DEBUG – Query for buy items after 2023-02-02T10:15:40Z returns 0 results.
STORAGE :: DEBUG – Query for sell items after 2023-02-02T10:15:40Z returns 0 results.
STORAGE :: DEBUG – Query for buy items after 2023-02-02T10:15:45Z returns 0 results.
STORAGE :: DEBUG – Query for sell items after 2023-02-02T10:15:45Z returns 0 results.
STORAGE :: DEBUG – Query for buy items after 2023-02-02T10:15:50Z returns 0 results.
STORAGE :: DEBUG – Query for sell items after 2023-02-02T10:15:50Z returns 0 results.
STORAGE :: DEBUG – Query for buy items after 2023-02-02T10:15:55Z returns 0 results.
STORAGE :: DEBUG – Query for sell items after 2023-02-02T10:15:55Z returns 0 results.
STORAGE :: DEBUG – Query for buy items after 2023-02-02T10:16:00Z returns 0 results.
STORAGE :: DEBUG – Query for sell items after 2023-02-02T10:16:00Z returns 0 results.
STORAGE :: DEBUG – Query for buy items after 2023-02-02T10:16:05Z returns 0 results.
STORAGE :: DEBUG – Query for sell items after 2023-02-02T10:16:05Z returns 0 results.
STORAGE :: DEBUG – Query for buy items after 2023-02-02T10:16:10Z returns 0 results.
STORAGE :: DEBUG – Query for sell items after 2023-02-02T10:16:10Z returns 0 results.
STORAGE :: DEBUG – Query for buy items after 2023-02-02T10:16:15Z returns 0 results.
STORAGE :: DEBUG – Query for sell items after 2023-02-02T10:16:15Z returns 0 results.
STORAGE :: DEBUG – Query for buy items after 2023-02-02T10:16:20Z returns 0 results.
STORAGE :: DEBUG – Query for sell items after 2023-02-02T10:16:20Z returns 0 results.
STORAGE :: DEBUG – Query for buy items after 2023-02-02T10:16:25Z returns 0 results.
STORAGE :: DEBUG – Query for sell items after 2023-02-02T10:16:25Z returns 0 results.
STORAGE :: DEBUG – Query for buy items after 2023-02-02T10:16:30Z returns 0 results.
STORAGE :: DEBUG – Query for sell items after 2023-02-02T10:16:30Z returns 0 results.
STORAGE :: DEBUG – Query for buy items after 2023-02-02T10:16:35Z returns 0 results.
STORAGE :: DEBUG – Query for sell items after 2023-02-02T10:16:35Z returns 0 results.
STORAGE :: DEBUG – Query for buy items after 2023-02-02T10:16:40Z returns 0 results.
STORAGE :: DEBUG – Query for sell items after 2023-02-02T10:16:40Z returns 0 results.
STORAGE :: DEBUG – Query for buy items after 2023-02-02T10:16:45Z returns 0 results.
STORAGE :: DEBUG – Query for sell items after 2023-02-02T10:16:45Z returns 0 results.
STORAGE :: DEBUG – Query for buy items after 2023-02-02T10:16:57Z returns 0 results.
STORAGE :: DEBUG – Query for sell items after 2023-02-02T10:16:57Z returns 0 results.
STORAGE :: DEBUG – Query for buy items after 2023-02-02T10:17:02Z returns 0 results.
STORAGE :: DEBUG – Query for sell items after 2023-02-02T10:17:02Z returns 0 results.
STORAGE :: DEBUG – Query for buy items after 2023-02-02T10:17:07Z returns 0 results.
STORAGE :: DEBUG – Query for sell items after 2023-02-02T10:17:07Z returns 0 results.
STORAGE :: DEBUG – Stored sell event with trace id d290f1ee-6c54-4b01-90e6-d701748f0851
STORAGE :: DEBUG – Query for buy items after 2023-02-02T10:17:12Z returns 0 results.
STORAGE :: DEBUG – Stored buy event with trace id e3849fe6-87e0-40db-b53c-aab3bc8bd873
STORAGE :: DEBUG – Query for sell items after 2023-02-02T10:17:12Z returns 0 results.
STORAGE :: DEBUG – Query for buy items after 2023-02-02T10:17:17Z returns 0 results.
STORAGE :: DEBUG – Query for sell items after 2023-02-02T10:17:17Z returns 0 results.
STORAGE :: DEBUG – Query for buy items after 2023-02-02T10:17:22Z returns 0 results.
STORAGE :: DEBUG – Query for sell items after 2023-02-02T10:17:22Z returns 0 results.
STORAGE :: DEBUG – Query for buy items after 2023-02-02T10:17:27Z returns 0 results.
STORAGE :: DEBUG – Query for sell items after 2023-02-02T10:17:27Z returns 0 results.
STORAGE :: DEBUG – Query for buy items after 2023-02-02T10:17:32Z returns 0 results.
STORAGE :: DEBUG – Query for sell items after 2023-02-02T10:17:32Z returns 0 results.
STORAGE :: DEBUG – Query for buy items after 2023-02-02T10:17:37Z returns 0 results.
STORAGE :: DEBUG – Query for sell items after 2023-02-02T10:17:37Z returns 0 results.
STORAGE :: DEBUG – Query for buy items after 2023-02-02T10:17:42Z returns 0 results.
STORAGE :: DEBUG – Query for sell items after 2023-02-02T10:17:42Z returns 0 results.
STORAGE :: DEBUG – Query for buy items after 2023-02-02T10:17:47Z returns 0 results.
STORAGE :: DEBUG – Query for sell items after 2023-02-02T10:17:47Z returns 0 results.
STORAGE :: DEBUG – Query for buy items after 2023-02-02T10:17:52Z returns 0 results.
STORAGE :: DEBUG – Query for sell items after 2023-02-02T10:17:52Z returns 0 results.
STORAGE :: DEBUG – Query for buy items after 2023-02-02T10:17:57Z returns 0 results.
STORAGE :: DEBUG – Query for sell items after 2023-02-02T10:17:57Z returns 0 results.
STORAGE :: DEBUG – Query for buy items after 1970-01-01T00:00:00Z returns 0 results.
STORAGE :: DEBUG – Query for sell items after 1970-01-01T00:00:00Z returns 0 results.
STORAGE :: DEBUG – Query for buy items after 2023-02-02T10:19:11Z returns 0 results.
STORAGE :: DEBUG – Query for sell items after 2023-02-02T10:19:11Z returns 0 results.
STORAGE :: DEBUG – Query for buy items after 2023-02-02T10:19:16Z returns 0 results.
STORAGE :: DEBUG – Query for sell items after 2023-02-02T10:19:16Z returns 0 results.
STORAGE :: DEBUG – Query for buy items after 2023-02-02T10:19:21Z returns 0 results.
STORAGE :: DEBUG – Stored buy event with trace id 82fe861b-c61d-43fb-9bd4-bdf9262d0c30
STORAGE :: DEBUG – Query for sell items after 2023-02-02T10:19:21Z returns 0 results.
STORAGE :: DEBUG – Query for buy items after 2023-02-02T10:19:26Z returns 0 results.
STORAGE :: DEBUG – Query for sell items after 2023-02-02T10:19:26Z returns 0 results.
STORAGE :: DEBUG – Stored sell event with trace id d290f1ee-6c54-4b01-90e6-d701748f0851
STORAGE :: DEBUG – Query for buy items after 2023-02-02T10:19:31Z returns 0 results.
STORAGE :: DEBUG – Stored sell event with trace id d290f1ee-6c54-4b01-90e6-d701748f0851
STORAGE :: DEBUG – Query for sell items after 2023-02-02T10:19:31Z returns 0 results.
STORAGE :: DEBUG – Query for buy items after 2023-02-02T10:19:36Z returns 0 results.
STORAGE :: DEBUG – Query for sell items after 2023-02-02T10:19:36Z returns 0 results.
STORAGE :: DEBUG – Query for buy items after 2023-02-02T10:19:41Z returns 0 results.
STORAGE :: DEBUG – Query for sell items after 2023-02-02T10:19:41Z returns 0 results.
STORAGE :: DEBUG – Query for buy items after 2023-02-02T10:19:46Z returns 0 results.
STORAGE :: DEBUG – Query for sell items after 2023-02-02T10:19:46Z returns 0 results.
STORAGE :: DEBUG – Query for buy items after 2023-02-02T10:19:51Z returns 0 results.
STORAGE :: DEBUG – Query for sell items after 2023-02-02T10:19:51Z returns 0 results.
STORAGE :: DEBUG – Query for buy items after 2023-02-02T10:19:56Z returns 0 results.
STORAGE :: DEBUG – Query for sell items after 2023-02-02T10:19:56Z returns 0 results.
STORAGE :: DEBUG – Query for buy items after 2023-02-02T10:20:01Z returns 0 results.
STORAGE :: DEBUG – Query for sell items after 2023-02-02T10:20:01Z returns 0 results.
STORAGE :: DEBUG – Query for buy items after 2023-02-02T10:20:06Z returns 0 results.
STORAGE :: DEBUG – Query for sell items after 2023-02-02T10:20:06Z returns 0 results.
STORAGE :: DEBUG – Query for buy items after 2023-02-02T10:20:11Z returns 0 results.
STORAGE :: DEBUG – Query for sell items after 2023-02-02T10:20:11Z returns 0 results.
STORAGE :: DEBUG – Query for buy items after 2023-02-02T10:20:16Z returns 0 results.
STORAGE :: DEBUG – Query for sell items after 2023-02-02T10:20:16Z returns 0 results.
STORAGE :: DEBUG – Query for buy items after 2023-02-02T10:20:21Z returns 0 results.
STORAGE :: DEBUG – Query for sell items after 2023-02-02T10:20:21Z returns 0 results.
STORAGE :: DEBUG – Query for buy items after 2023-02-02T10:20:26Z returns 0 results.
STORAGE :: DEBUG – Query for sell items after 2023-02-02T10:20:26Z returns 0 results.
STORAGE :: DEBUG – Query for buy items after 2023-02-02T10:20:31Z returns 0 results.
STORAGE :: DEBUG – Query for sell items after 2023-02-02T10:20:31Z returns 0 results.
STORAGE :: DEBUG – Query for buy items after 2023-02-02T10:20:36Z returns 0 results.
STORAGE :: DEBUG – Query for sell items after 2023-02-02T10:20:36Z returns 0 results.
STORAGE :: DEBUG – Query for buy items after 2023-02-02T10:20:41Z returns 0 results.
STORAGE :: DEBUG – Query for sell items after 2023-02-02T10:20:41Z returns 0 results.
STORAGE :: DEBUG – Query for buy items after 2023-02-02T10:20:46Z returns 0 results.
STORAGE :: DEBUG – Query for sell items after 2023-02-02T10:20:46Z returns 0 results.
STORAGE :: DEBUG – Query for buy items after 2023-02-02T10:20:51Z returns 0 results.
STORAGE :: DEBUG – Query for sell items after 2023-02-02T10:20:51Z returns 0 results.
STORAGE :: DEBUG – Query for buy items after 2023-02-02T10:20:56Z returns 0 results.
STORAGE :: DEBUG – Query for sell items after 2023-02-02T10:20:56Z returns 0 results.
STORAGE :: DEBUG – Query for buy items after 2023-02-02T10:21:01Z returns 0 results.
STORAGE :: DEBUG – Query for sell items after 2023-02-02T10:21:01Z returns 0 results.
STORAGE :: DEBUG – Query for buy items after 2023-02-02T10:21:06Z returns 0 results.
STORAGE :: DEBUG – Query for sell items after 2023-02-02T10:21:06Z returns 0 results.
STORAGE :: DEBUG – Query for buy items after 2023-02-02T10:21:11Z returns 0 results.
STORAGE :: DEBUG – Query for sell items after 2023-02-02T10:21:11Z returns 0 results.
STORAGE :: DEBUG – Query for buy items after 2023-02-02T10:21:16Z returns 0 results.
STORAGE :: DEBUG – Query for sell items after 2023-02-02T10:21:16Z returns 0 results.
STORAGE :: DEBUG – Query for buy items after 2023-02-02T10:21:21Z returns 0 results.
STORAGE :: DEBUG – Query for sell items after 2023-02-02T10:21:21Z returns 0 results.
STORAGE :: DEBUG – Query for buy items after 2023-02-02T10:21:26Z returns 0 results.
STORAGE :: DEBUG – Query for sell items after 2023-02-02T10:21:26Z returns 0 results.
STORAGE :: DEBUG – Query for buy items after 2023-02-02T10:21:31Z returns 0 results.
STORAGE :: DEBUG – Query for sell items after 2023-02-02T10:21:31Z returns 0 results.
STORAGE :: DEBUG – Query for buy items after 2023-02-02T10:21:36Z returns 0 results.
STORAGE :: DEBUG – Query for sell items after 2023-02-02T10:21:36Z returns 0 results.
STORAGE :: DEBUG – Query for buy items after 2023-02-02T10:21:41Z returns 0 results.
STORAGE :: DEBUG – Query for sell items after 2023-02-02T10:21:41Z returns 0 results.
STORAGE :: DEBUG – Query for buy items after 2023-02-02T10:21:46Z returns 0 results.
STORAGE :: DEBUG – Query for sell items after 2023-02-02T10:21:46Z returns 0 results.
STORAGE :: DEBUG – Query for buy items after 2023-02-02T10:21:51Z returns 0 results.
STORAGE :: DEBUG – Query for sell items after 2023-02-02T10:21:51Z returns 0 results.
STORAGE :: DEBUG – Query for buy items after 2023-02-02T10:21:56Z returns 0 results.
STORAGE :: DEBUG – Query for sell items after 2023-02-02T10:21:56Z returns 0 results.
STORAGE :: DEBUG – Query for buy items after 2023-02-02T10:22:01Z returns 0 results.
STORAGE :: DEBUG – Query for sell items after 2023-02-02T10:22:01Z returns 0 results.
STORAGE :: DEBUG – Query for buy items after 2023-02-02T10:22:06Z returns 0 results.
STORAGE :: DEBUG – Query for sell items after 2023-02-02T10:22:06Z returns 0 results.
STORAGE :: DEBUG – Query for buy items after 2023-02-02T10:22:11Z returns 0 results.
STORAGE :: DEBUG – Query for sell items after 2023-02-02T10:22:11Z returns 0 results.
STORAGE :: DEBUG – Query for buy items after 2023-02-02T10:22:16Z returns 0 results.
STORAGE :: DEBUG – Query for sell items after 2023-02-02T10:22:16Z returns 0 results.
STORAGE :: DEBUG – Query for buy items after 2023-02-02T10:22:21Z returns 0 results.
STORAGE :: DEBUG – Query for sell items after 2023-02-02T10:22:21Z returns 0 results.
STORAGE :: DEBUG – Query for buy items after 2023-02-02T10:22:26Z returns 0 results.
STORAGE :: DEBUG – Query for sell items after 2023-02-02T10:22:26Z returns 0 results.
STORAGE :: DEBUG – Query for buy items after 2023-02-02T10:22:31Z returns 0 results.
STORAGE :: DEBUG – Query for sell items after 2023-02-02T10:22:31Z returns 0 results.
STORAGE :: DEBUG – Query for buy items after 2023-02-02T10:22:36Z returns 0 results.
STORAGE :: DEBUG – Query for sell items after 2023-02-02T10:22:36Z returns 0 results.
STORAGE :: DEBUG – Query for buy items after 2023-02-02T10:22:41Z returns 0 results.
STORAGE :: DEBUG – Query for sell items after 2023-02-02T10:22:41Z returns 0 results.
STORAGE :: DEBUG – Query for buy items after 2023-02-02T10:22:46Z returns 0 results.
STORAGE :: DEBUG – Query for sell items after 2023-02-02T10:22:46Z returns 0 results.
STORAGE :: DEBUG – Query for buy items after 2023-02-02T10:22:51Z returns 0 results.
STORAGE :: DEBUG – Query for sell items after 2023-02-02T10:22:51Z returns 0 results.
STORAGE :: DEBUG – Query for buy items after 2023-02-02T10:22:56Z returns 0 results.
STORAGE :: DEBUG – Query for sell items after 2023-02-02T10:22:56Z returns 0 results.
STORAGE :: DEBUG – Query for buy items after 2023-02-02T10:23:01Z returns 0 results.
STORAGE :: DEBUG – Stored sell event with trace id d290f1ee-6c54-4b01-90e6-d701748f0851
STORAGE :: DEBUG – Query for sell items after 2023-02-02T10:23:01Z returns 0 results.
STORAGE :: DEBUG – Query for buy items after 2023-02-02T10:23:06Z returns 0 results.
STORAGE :: DEBUG – Query for sell items after 2023-02-02T10:23:06Z returns 0 results.
STORAGE :: DEBUG – Stored buy event with trace id 34fab15e-be36-4a88-969f-b9d46f46a07c
STORAGE :: DEBUG – Query for buy items after 2023-02-02T10:23:11Z returns 0 results.
STORAGE :: DEBUG – Query for sell items after 2023-02-02T10:23:11Z returns 0 results.
STORAGE :: DEBUG – Query for buy items after 2023-02-02T10:23:16Z returns 0 results.
STORAGE :: DEBUG – Query for sell items after 2023-02-02T10:23:16Z returns 0 results.
STORAGE :: DEBUG – Query for buy items after 2023-02-02T10:23:21Z returns 0 results.
STORAGE :: DEBUG – Query for sell items after 2023-02-02T10:23:21Z returns 0 results.
STORAGE :: DEBUG – Query for buy items after 2023-02-02T10:23:26Z returns 0 results.
STORAGE :: DEBUG – Query for sell items after 2023-02-02T10:23:26Z returns 0 results.
STORAGE :: DEBUG – Query for buy items after 2023-02-02T10:23:31Z returns 0 results.
STORAGE :: DEBUG – Query for sell items after 2023-02-02T10:23:31Z returns 0 results.
STORAGE :: DEBUG – Query for buy items after 2023-02-02T10:23:36Z returns 0 results.
STORAGE :: DEBUG – Query for sell items after 2023-02-02T10:23:36Z returns 0 results.
STORAGE :: DEBUG – Query for buy items after 2023-02-02T10:23:41Z returns 0 results.
STORAGE :: DEBUG – Query for sell items after 2023-02-02T10:23:41Z returns 0 results.
STORAGE :: DEBUG – Query for buy items after 2023-02-02T10:23:46Z returns 0 results.
STORAGE :: DEBUG – Query for sell items after 2023-02-02T10:23:46Z returns 0 results.
STORAGE :: DEBUG – Query for buy items after 2023-02-02T10:23:51Z returns 0 results.
STORAGE :: DEBUG – Query for sell items after 2023-02-02T10:23:51Z returns 0 results.
STORAGE :: DEBUG – Query for buy items after 2023-02-02T10:23:56Z returns 0 results.
STORAGE :: DEBUG – Query for sell items after 2023-02-02T10:23:56Z returns 0 results.
STORAGE :: DEBUG – Query for buy items after 2023-02-02T10:24:01Z returns 0 results.
STORAGE :: DEBUG – Query for sell items after 2023-02-02T10:24:01Z returns 0 results.
STORAGE :: DEBUG – Query for buy items after 2023-02-02T10:24:06Z returns 0 results.
STORAGE :: DEBUG – Query for sell items after 2023-02-02T10:24:06Z returns 0 results.
STORAGE :: DEBUG – Query for buy items after 2023-02-02T10:24:11Z returns 0 results.
STORAGE :: DEBUG – Query for sell items after 2023-02-02T10:24:11Z returns 0 results.
STORAGE :: DEBUG – Query for buy items after 2023-02-02T10:24:16Z returns 0 results.
STORAGE :: DEBUG – Query for sell items after 2023-02-02T10:24:16Z returns 0 results.
STORAGE :: DEBUG – Query for buy items after 2023-02-02T10:24:21Z returns 0 results.
STORAGE :: DEBUG – Query for sell items after 2023-02-02T10:24:21Z returns 0 results.
STORAGE :: DEBUG – Query for buy items after 2023-02-02T10:24:26Z returns 0 results.
STORAGE :: DEBUG – Query for sell items after 2023-02-02T10:24:26Z returns 0 results.
STORAGE :: DEBUG – Query for buy items after 2023-02-02T10:24:31Z returns 0 results.
STORAGE :: DEBUG – Query for sell items after 2023-02-02T10:24:31Z returns 0 results.
STORAGE :: DEBUG – Query for buy items after 2023-02-02T10:24:36Z returns 0 results.
STORAGE :: DEBUG – Query for sell items after 2023-02-02T10:24:36Z returns 0 results.
STORAGE :: DEBUG – Query for buy items after 2023-02-02T10:24:41Z returns 0 results.
STORAGE :: DEBUG – Query for sell items after 2023-02-02T10:24:41Z returns 0 results.
STORAGE :: DEBUG – Query for buy items after 2023-02-02T10:24:46Z returns 0 results.
STORAGE :: DEBUG – Query for sell items after 2023-02-02T10:24:46Z returns 0 results.
STORAGE :: DEBUG – Query for buy items after 2023-02-02T10:24:51Z returns 0 results.
STORAGE :: DEBUG – Query for sell items after 2023-02-02T10:24:51Z returns 0 results.
STORAGE :: DEBUG – Query for buy items after 2023-02-02T10:24:56Z returns 0 results.
STORAGE :: DEBUG – Query for sell items after 2023-02-02T10:24:56Z returns 0 results.
STORAGE :: DEBUG – Query for buy items after 2023-02-02T10:25:01Z returns 0 results.
STORAGE :: DEBUG – Query for sell items after 2023-02-02T10:25:01Z returns 0 results.
STORAGE :: DEBUG – Query for buy items after 2023-02-02T10:25:06Z returns 0 results.
STORAGE :: DEBUG – Query for sell items after 2023-02-02T10:25:06Z returns 0 results.
STORAGE :: DEBUG – Query for buy items after 2023-02-02T10:25:11Z returns 0 results.
STORAGE :: DEBUG – Query for sell items after 2023-02-02T10:25:11Z returns 0 results.
STORAGE :: DEBUG – Query for buy items after 2023-02-02T10:25:16Z returns 0 results.
STORAGE :: DEBUG – Query for sell items after 2023-02-02T10:25:16Z returns 0 results.
STORAGE :: DEBUG – Query for buy items after 2023-02-02T10:25:21Z returns 0 results.
STORAGE :: DEBUG – Query for sell items after 2023-02-02T10:25:21Z returns 0 results.
STORAGE :: DEBUG – Query for buy items after 2023-02-02T10:25:26Z returns 0 results.
STORAGE :: DEBUG – Query for sell items after 2023-02-02T10:25:26Z returns 0 results.
STORAGE :: DEBUG – Query for buy items after 2023-02-02T10:25:31Z returns 0 results.
STORAGE :: DEBUG – Query for sell items after 2023-02-02T10:25:31Z returns 0 results.
STORAGE :: DEBUG – Query for buy items after 2023-02-02T10:25:36Z returns 0 results.
STORAGE :: DEBUG – Query for sell items after 2023-02-02T10:25:36Z returns 0 results.
STORAGE :: DEBUG – Query for buy items after 2023-02-02T10:25:41Z returns 0 results.
STORAGE :: DEBUG – Query for sell items after 2023-02-02T10:25:41Z returns 0 results.
STORAGE :: DEBUG – Query for buy items after 2023-02-02T10:25:46Z returns 0 results.
STORAGE :: DEBUG – Query for sell items after 2023-02-02T10:25:46Z returns 0 results.
STORAGE :: DEBUG – Query for buy items after 2023-02-02T10:25:51Z returns 0 results.
STORAGE :: DEBUG – Query for sell items after 2023-02-02T10:25:51Z returns 0 results.
STORAGE :: DEBUG – Query for buy items after 2023-02-02T10:25:56Z returns 0 results.
STORAGE :: DEBUG – Query for sell items after 2023-02-02T10:25:56Z returns 0 results.
STORAGE :: DEBUG – Query for buy items after 2023-02-02T10:26:01Z returns 0 results.
STORAGE :: DEBUG – Query for sell items after 2023-02-02T10:26:01Z returns 0 results.
STORAGE :: DEBUG – Query for buy items after 2023-02-02T10:26:06Z returns 0 results.
STORAGE :: DEBUG – Query for sell items after 2023-02-02T10:26:06Z returns 0 results.
STORAGE :: DEBUG – Query for buy items after 2023-02-02T10:26:11Z returns 0 results.
STORAGE :: DEBUG – Query for sell items after 2023-02-02T10:26:11Z returns 0 results.
STORAGE :: DEBUG – Query for buy items after 2023-02-02T10:26:16Z returns 0 results.
STORAGE :: DEBUG – Query for sell items after 2023-02-02T10:26:16Z returns 0 results.
STORAGE :: DEBUG – Query for buy items after 2023-02-02T10:26:21Z returns 0 results.
STORAGE :: DEBUG – Query for sell items after 2023-02-02T10:26:21Z returns 0 results.
STORAGE :: DEBUG – Query for buy items after 2023-02-02T10:26:26Z returns 0 results.
STORAGE :: DEBUG – Query for sell items after 2023-02-02T10:26:26Z returns 0 results.
STORAGE :: DEBUG – Query for buy items after 2023-02-02T10:26:31Z returns 0 results.
STORAGE :: DEBUG – Query for sell items after 2023-02-02T10:26:31Z returns 0 results.
STORAGE :: DEBUG – Query for buy items after 2023-02-02T10:26:36Z returns 0 results.
STORAGE :: DEBUG – Query for buy items after 2023-02-02T10:26:36Z returns 0 results.
STORAGE :: DEBUG – Query for sell items after 2023-02-02T10:26:36Z returns 0 results.
STORAGE :: DEBUG – Query for buy items after 2023-02-02T10:26:51Z returns 0 results.
STORAGE :: DEBUG – Query for sell items after 2023-02-02T10:26:51Z returns 0 results.
STORAGE :: DEBUG – Query for buy items after 2023-02-02T10:26:56Z returns 0 results.
STORAGE :: DEBUG – Query for sell items after 2023-02-02T10:26:56Z returns 0 results.
STORAGE :: DEBUG – Query for buy items after 2023-02-02T10:27:01Z returns 0 results.
STORAGE :: DEBUG – Query for sell items after 2023-02-02T10:27:01Z returns 0 results.
STORAGE :: DEBUG – Query for buy items after 2023-02-02T10:27:01Z returns 0 results.
STORAGE :: DEBUG – Query for sell items after 2023-02-02T10:27:01Z returns 0 results.
STORAGE :: DEBUG – Query for buy items after 2023-02-02T10:27:01Z returns 0 results.
STORAGE :: DEBUG – Query for sell items after 2023-02-02T10:27:01Z returns 0 results.
STORAGE :: DEBUG – Query for buy items after 2023-02-02T10:27:01Z returns 0 results.
STORAGE :: DEBUG – Query for sell items after 2023-02-02T10:27:01Z returns 0 results.
STORAGE :: DEBUG – Query for buy items after 2023-02-02T10:27:01Z returns 0 results.
STORAGE :: DEBUG – Query for sell items after 2023-02-02T10:27:01Z returns 0 results.
STORAGE :: DEBUG – Query for buy items after 2023-02-02T10:27:01Z returns 0 results.
STORAGE :: DEBUG – Query for sell items after 2023-02-02T10:27:01Z returns 0 results.
STORAGE :: DEBUG – Query for buy items after 2023-02-02T10:27:01Z returns 0 results.
STORAGE :: DEBUG – Query for sell items after 2023-02-02T10:27:01Z returns 0 results.
STORAGE :: DEBUG – Query for buy items after 2023-02-02T10:27:01Z returns 0 results.
STORAGE :: DEBUG – Query for sell items after 2023-02-02T10:27:01Z returns 0 results.
STORAGE :: DEBUG – Query for buy items after 1999-01-02T12:11:14Z returns 2 results.
STORAGE :: DEBUG – Query for buy items after 2023-02-02T10:27:01Z returns 0 results.
STORAGE :: DEBUG – Query for sell items after 2023-02-02T10:27:01Z returns 0 results.
STORAGE :: DEBUG – Query for buy items after 1970-01-01T00:00:00Z returns 2 results.
STORAGE :: DEBUG – Query for sell items after 1970-01-01T00:00:00Z returns 3 results.
STORAGE :: DEBUG – Query for buy items after 1970-01-01T00:00:00Z returns 2 results.
STORAGE :: DEBUG – Query for sell items after 1970-01-01T00:00:00Z returns 3 results.
STORAGE :: DEBUG – Query for buy items after 1970-01-01T00:00:00Z returns 2 results.
STORAGE :: DEBUG – Query for sell items after 1970-01-01T00:00:00Z returns 3 results.
STORAGE :: DEBUG – Query for buy items after 1970-01-01T00:00:00Z returns 2 results.
STORAGE :: DEBUG – Query for sell items after 1970-01-01T00:00:00Z returns 3 results.
STORAGE :: DEBUG – Query for buy items after 1970-01-01T00:00:00Z returns 2 results.
STORAGE :: DEBUG – Query for sell items after 1970-01-01T00:00:00Z returns 3 results.
STORAGE :: DEBUG – Query for buy items after 2023-02-02T10:41:57Z returns 0 results.
STORAGE :: DEBUG – Query for sell items after 2023-02-02T10:41:57Z returns 0 results.
STORAGE :: DEBUG – Query for buy items after 2023-02-02T10:42:02Z returns 0 results.
STORAGE :: DEBUG – Query for sell items after 2023-02-02T10:42:02Z returns 0 results.
STORAGE :: DEBUG – Query for buy items after 2023-02-02T10:45:14Z returns 0 results.
STORAGE :: DEBUG – Query for sell items after 2023-02-02T10:45:14Z returns 0 results.
STORAGE :: DEBUG – Query for buy items after 2023-02-02T10:45:19Z returns 0 results.
STORAGE :: DEBUG – Query for sell items after 2023-02-02T10:45:19Z returns 0 results.
STORAGE :: DEBUG – Query for buy items after 2023-02-02T10:45:24Z returns 0 results.
STORAGE :: DEBUG – Query for sell items after 2023-02-02T10:45:24Z returns 0 results.
STORAGE :: DEBUG – Query for buy items after 2023-02-02T10:45:29Z returns 0 results.
STORAGE :: DEBUG – Stored sell event with trace id d290f1ee-6c54-4b01-90e6-d701748f0851
STORAGE :: DEBUG – Query for sell items after 2023-02-02T10:45:29Z returns 0 results.
STORAGE :: DEBUG – Stored buy event with trace id cd051cce-b035-4a41-9142-032608dd02ed
STORAGE :: DEBUG – Query for buy items after 2023-02-02T10:45:34Z returns 0 results.
STORAGE :: DEBUG – Query for sell items after 2023-02-02T10:45:34Z returns 0 results.
STORAGE :: DEBUG – Stored buy event with trace id 4800d7a3-dd04-491e-b575-143f6f629206
STORAGE :: DEBUG – Stored sell event with trace id d290f1ee-6c54-4b01-90e6-d701748f0851
STORAGE :: DEBUG – Query for buy items after 2023-02-02T10:45:39Z returns 0 results.
STORAGE :: DEBUG – Query for sell items after 2023-02-02T10:45:39Z returns 0 results.
STORAGE :: DEBUG – Query for buy items after 2023-02-02T10:45:44Z returns 0 results.
STORAGE :: DEBUG – Query for sell items after 2023-02-02T10:45:44Z returns 0 results.
STORAGE :: DEBUG – Query for buy items after 2023-02-02T10:45:49Z returns 0 results.
STORAGE :: DEBUG – Query for sell items after 2023-02-02T10:45:49Z returns 0 results.
STORAGE :: DEBUG – Query for buy items after 2023-02-02T10:45:54Z returns 0 results.
STORAGE :: DEBUG – Query for sell items after 2023-02-02T10:45:54Z returns 0 results.
STORAGE :: DEBUG – Query for buy items after 2023-02-02T10:45:59Z returns 0 results.
STORAGE :: DEBUG – Query for sell items after 2023-02-02T10:45:59Z returns 0 results.
STORAGE :: DEBUG – Query for buy items after 2023-02-02T10:46:04Z returns 0 results.
STORAGE :: DEBUG – Query for sell items after 2023-02-02T10:46:04Z returns 0 results.
STORAGE :: DEBUG – Query for buy items after 2023-02-02T10:46:09Z returns 0 results.
STORAGE :: DEBUG – Query for sell items after 2023-02-02T10:46:09Z returns 0 results.
STORAGE :: DEBUG – Query for buy items after 2023-02-02T10:46:14Z returns 0 results.
STORAGE :: DEBUG – Query for sell items after 2023-02-02T10:46:14Z returns 0 results.
STORAGE :: DEBUG – Query for buy items after 2023-02-02T10:46:19Z returns 0 results.
STORAGE :: DEBUG – Query for sell items after 2023-02-02T10:46:19Z returns 0 results.
STORAGE :: DEBUG – Query for buy items after 2023-02-02T10:46:24Z returns 0 results.
STORAGE :: DEBUG – Query for sell items after 2023-02-02T10:46:24Z returns 0 results.
STORAGE :: DEBUG – Query for buy items after 2023-02-02T10:46:29Z returns 0 results.
STORAGE :: DEBUG – Query for sell items after 2023-02-02T10:46:29Z returns 0 results.
STORAGE :: DEBUG – Query for buy items after 2023-02-02T10:46:34Z returns 0 results.
STORAGE :: DEBUG – Query for sell items after 2023-02-02T10:46:34Z returns 0 results.
STORAGE :: DEBUG – Query for buy items after 2023-02-02T10:46:39Z returns 0 results.
STORAGE :: DEBUG – Query for sell items after 2023-02-02T10:46:39Z returns 0 results.
STORAGE :: DEBUG – Query for buy items after 2023-02-02T10:46:44Z returns 0 results.
STORAGE :: DEBUG – Query for sell items after 2023-02-02T10:46:44Z returns 0 results.
STORAGE :: DEBUG – Query for buy items after 2023-02-02T10:46:49Z returns 0 results.
STORAGE :: DEBUG – Query for sell items after 2023-02-02T10:46:49Z returns 0 results.
STORAGE :: DEBUG – Query for buy items after 2023-02-02T10:46:54Z returns 0 results.
STORAGE :: DEBUG – Query for sell items after 2023-02-02T10:46:54Z returns 0 results.
STORAGE :: DEBUG – Query for buy items after 2023-02-02T10:46:59Z returns 0 results.
STORAGE :: DEBUG – Query for sell items after 2023-02-02T10:46:59Z returns 0 results.
STORAGE :: DEBUG – Query for buy items after 2023-02-02T10:47:04Z returns 0 results.
STORAGE :: DEBUG – Query for sell items after 2023-02-02T10:47:04Z returns 0 results.
STORAGE :: DEBUG – Query for buy items after 2023-02-02T10:47:09Z returns 0 results.
STORAGE :: DEBUG – Query for sell items after 2023-02-02T10:47:09Z returns 0 results.
STORAGE :: DEBUG – Query for buy items after 2023-02-02T10:47:14Z returns 0 results.
STORAGE :: DEBUG – Query for sell items after 2023-02-02T10:47:14Z returns 0 results.
STORAGE :: DEBUG – Query for buy items after 2023-02-02T10:47:19Z returns 0 results.
STORAGE :: DEBUG – Query for sell items after 2023-02-02T10:47:19Z returns 0 results.
STORAGE :: DEBUG – Query for buy items after 2023-02-02T10:47:24Z returns 0 results.
STORAGE :: DEBUG – Query for sell items after 2023-02-02T10:47:24Z returns 0 results.
STORAGE :: DEBUG – Query for buy items after 2023-02-02T10:47:29Z returns 0 results.
STORAGE :: DEBUG – Query for sell items after 2023-02-02T10:47:29Z returns 0 results.
STORAGE :: DEBUG – Query for buy items after 2023-02-02T10:47:34Z returns 0 results.
STORAGE :: DEBUG – Query for sell items after 2023-02-02T10:47:34Z returns 0 results.
STORAGE :: DEBUG – Query for buy items after 2023-02-02T10:47:39Z returns 0 results.
STORAGE :: DEBUG – Query for sell items after 2023-02-02T10:47:39Z returns 0 results.
STORAGE :: DEBUG – Query for buy items after 2023-02-02T10:47:44Z returns 0 results.
STORAGE :: DEBUG – Query for sell items after 2023-02-02T10:47:44Z returns 0 results.
STORAGE :: DEBUG – Query for buy items after 2023-02-02T10:50:29Z returns 0 results.
STORAGE :: DEBUG – Query for sell items after 2023-02-02T10:50:29Z returns 0 results.
STORAGE :: DEBUG – Query for buy items after 2023-02-02T10:50:34Z returns 0 results.
STORAGE :: DEBUG – Query for sell items after 2023-02-02T10:50:34Z returns 0 results.
STORAGE :: DEBUG – Query for buy items after 2023-02-02T10:50:39Z returns 0 results.
STORAGE :: DEBUG – Query for sell items after 2023-02-02T10:50:39Z returns 0 results.
STORAGE :: DEBUG – Query for buy items after 2023-02-02T10:50:44Z returns 0 results.
STORAGE :: DEBUG – Query for sell items after 2023-02-02T10:50:44Z returns 0 results.
STORAGE :: DEBUG – Query for buy items after 2023-02-02T10:50:49Z returns 0 results.
STORAGE :: DEBUG – Query for sell items after 2023-02-02T10:50:49Z returns 0 results.
STORAGE :: DEBUG – Query for buy items after 2023-02-02T10:50:54Z returns 0 results.
STORAGE :: DEBUG – Query for sell items after 2023-02-02T10:50:54Z returns 0 results.
STORAGE :: DEBUG – Query for buy items after 2023-02-02T10:50:59Z returns 0 results.
STORAGE :: DEBUG – Query for sell items after 2023-02-02T10:50:59Z returns 0 results.
STORAGE :: DEBUG – Stored buy event with trace id 6cce6892-8cd5-483a-9b2d-bab39ebc93a6
STORAGE :: DEBUG – Query for buy items after 2023-02-02T10:51:04Z returns 0 results.
STORAGE :: DEBUG – Query for sell items after 2023-02-02T10:51:04Z returns 0 results.
STORAGE :: DEBUG – Query for buy items after 2023-02-02T10:51:09Z returns 0 results.
STORAGE :: DEBUG – Query for sell items after 2023-02-02T10:51:09Z returns 0 results.
STORAGE :: DEBUG – Query for buy items after 2023-02-02T10:51:14Z returns 0 results.
STORAGE :: DEBUG – Query for sell items after 2023-02-02T10:51:14Z returns 0 results.
STORAGE :: DEBUG – Query for buy items after 2023-02-02T10:51:19Z returns 0 results.
STORAGE :: DEBUG – Query for sell items after 2023-02-02T10:51:19Z returns 0 results.
STORAGE :: DEBUG – Query for buy items after 2023-02-02T10:51:24Z returns 0 results.
STORAGE :: DEBUG – Query for sell items after 2023-02-02T10:51:24Z returns 0 results.
STORAGE :: DEBUG – Query for buy items after 2023-02-02T10:51:29Z returns 0 results.
STORAGE :: DEBUG – Query for sell items after 2023-02-02T10:51:29Z returns 0 results.
STORAGE :: DEBUG – Query for buy items after 2023-02-02T10:51:34Z returns 0 results.
STORAGE :: DEBUG – Query for sell items after 2023-02-02T10:51:34Z returns 0 results.
STORAGE :: DEBUG – Query for buy items after 2023-02-02T10:51:39Z returns 0 results.
STORAGE :: DEBUG – Query for sell items after 2023-02-02T10:51:39Z returns 0 results.
STORAGE :: DEBUG – Query for buy items after 2023-02-02T10:51:44Z returns 0 results.
STORAGE :: DEBUG – Query for sell items after 2023-02-02T10:51:44Z returns 0 results.
STORAGE :: DEBUG – Query for buy items after 2023-02-02T10:51:49Z returns 0 results.
STORAGE :: DEBUG – Query for sell items after 2023-02-02T10:51:49Z returns 0 results.
STORAGE :: DEBUG – Query for buy items after 2023-02-02T10:51:54Z returns 0 results.
STORAGE :: DEBUG – Query for sell items after 2023-02-02T10:51:54Z returns 0 results.
STORAGE :: DEBUG – Query for buy items after 2023-02-02T10:51:59Z returns 0 results.
STORAGE :: DEBUG – Query for sell items after 2023-02-02T10:51:59Z returns 0 results.
STORAGE :: DEBUG – Query for buy items after 2023-02-02T10:52:04Z returns 0 results.
STORAGE :: DEBUG – Query for sell items after 2023-02-02T10:52:04Z returns 0 results.
STORAGE :: DEBUG – Query for buy items after 2023-02-02T10:52:09Z returns 0 results.
STORAGE :: DEBUG – Query for sell items after 2023-02-02T10:52:09Z returns 0 results.
STORAGE :: DEBUG – Query for buy items after 2023-02-02T10:52:14Z returns 0 results.
STORAGE :: DEBUG – Query for sell items after 2023-02-02T10:52:14Z returns 0 results.
STORAGE :: DEBUG – Query for buy items after 2023-02-02T10:52:19Z returns 0 results.
STORAGE :: DEBUG – Query for sell items after 2023-02-02T10:52:19Z returns 0 results.
STORAGE :: DEBUG – Query for buy items after 2023-02-02T10:52:24Z returns 0 results.
STORAGE :: DEBUG – Query for sell items after 2023-02-02T10:52:24Z returns 0 results.
STORAGE :: DEBUG – Query for buy items after 2023-02-02T10:52:29Z returns 0 results.
STORAGE :: DEBUG – Query for sell items after 2023-02-02T10:52:29Z returns 0 results.
STORAGE :: DEBUG – Query for buy items after 2023-02-02T10:52:34Z returns 0 results.
STORAGE :: DEBUG – Query for sell items after 2023-02-02T10:52:34Z returns 0 results.
STORAGE :: DEBUG – Query for buy items after 2023-02-02T10:52:39Z returns 0 results.
STORAGE :: DEBUG – Query for sell items after 2023-02-02T10:52:39Z returns 0 results.
STORAGE :: DEBUG – Query for buy items after 2023-02-02T10:52:44Z returns 0 results.
STORAGE :: DEBUG – Query for sell items after 2023-02-02T10:52:44Z returns 0 results.
STORAGE :: DEBUG – Query for buy items after 2023-02-02T10:52:59Z returns 0 results.
STORAGE :: DEBUG – Stored buy event with trace id a5503846-5451-448d-a462-c6ee26a975b2
STORAGE :: DEBUG – Query for sell items after 2023-02-02T10:52:59Z returns 0 results.
STORAGE :: DEBUG – Query for buy items after 2023-02-02T10:53:04Z returns 0 results.
STORAGE :: DEBUG – Query for sell items after 2023-02-02T10:53:04Z returns 0 results.
STORAGE :: DEBUG – Query for buy items after 2023-02-02T10:53:09Z returns 0 results.
STORAGE :: DEBUG – Query for sell items after 2023-02-02T10:53:09Z returns 0 results.
STORAGE :: DEBUG – Query for buy items after 2023-02-02T10:53:14Z returns 0 results.
STORAGE :: DEBUG – Query for sell items after 2023-02-02T10:53:14Z returns 0 results.
STORAGE :: DEBUG – Query for buy items after 2023-02-02T10:53:19Z returns 0 results.
STORAGE :: DEBUG – Query for sell items after 2023-02-02T10:53:19Z returns 0 results.
STORAGE :: DEBUG – Query for buy items after 2023-02-02T10:53:24Z returns 0 results.
STORAGE :: DEBUG – Query for sell items after 2023-02-02T10:53:24Z returns 0 results.
STORAGE :: DEBUG – Query for buy items after 2023-02-02T10:53:29Z returns 0 results.
STORAGE :: DEBUG – Query for sell items after 2023-02-02T10:53:29Z returns 0 results.
STORAGE :: DEBUG – Query for buy items after 2023-02-02T10:53:34Z returns 0 results.
STORAGE :: DEBUG – Query for sell items after 2023-02-02T10:53:34Z returns 0 results.
STORAGE :: DEBUG – Query for buy items after 2023-02-02T10:53:39Z returns 0 results.
STORAGE :: DEBUG – Query for sell items after 2023-02-02T10:53:39Z returns 0 results.
STORAGE :: DEBUG – Query for buy items after 2023-02-02T10:53:44Z returns 0 results.
STORAGE :: DEBUG – Query for sell items after 2023-02-02T10:53:44Z returns 0 results.
STORAGE :: DEBUG – Query for buy items after 2023-02-02T10:53:49Z returns 0 results.
STORAGE :: DEBUG – Query for sell items after 2023-02-02T10:53:49Z returns 0 results.
STORAGE :: DEBUG – Query for buy items after 1970-01-01T00:00:00Z returns 6 results.
STORAGE :: DEBUG – Query for sell items after 1970-01-01T00:00:00Z returns 5 results.
STORAGE :: DEBUG – Query for buy items after 2023-02-02T12:32:42Z returns 0 results.
STORAGE :: DEBUG – Query for sell items after 2023-02-02T12:32:42Z returns 0 results.
STORAGE :: DEBUG – Query for buy items after 2023-02-02T12:32:47Z returns 0 results.
STORAGE :: DEBUG – Query for sell items after 2023-02-02T12:32:47Z returns 0 results.
STORAGE :: DEBUG – Query for buy items after 2023-02-02T12:32:52Z returns 0 results.
STORAGE :: DEBUG – Query for sell items after 2023-02-02T12:32:52Z returns 0 results.
STORAGE :: DEBUG – Query for buy items after 2023-02-02T12:32:57Z returns 0 results.
STORAGE :: DEBUG – Query for sell items after 2023-02-02T12:32:57Z returns 0 results.
STORAGE :: DEBUG – Query for buy items after 2023-02-02T12:33:02Z returns 0 results.
STORAGE :: DEBUG – Query for sell items after 2023-02-02T12:33:02Z returns 0 results.
STORAGE :: DEBUG – Stored buy event with trace id 4acdf564-4b60-4e1d-a213-5f9be1a59e74
STORAGE :: DEBUG – Query for buy items after 2023-02-02T12:33:07Z returns 0 results.
STORAGE :: DEBUG – Query for sell items after 2023-02-02T12:33:07Z returns 0 results.
STORAGE :: DEBUG – Query for buy items after 2023-02-02T12:33:12Z returns 0 results.
STORAGE :: DEBUG – Query for sell items after 2023-02-02T12:33:12Z returns 0 results.
STORAGE :: DEBUG – Query for buy items after 2023-02-02T12:33:17Z returns 0 results.
STORAGE :: DEBUG – Query for sell items after 2023-02-02T12:33:17Z returns 0 results.
STORAGE :: DEBUG – Query for buy items after 2023-02-02T12:33:22Z returns 0 results.
STORAGE :: DEBUG – Query for sell items after 2023-02-02T12:33:22Z returns 0 results.
STORAGE :: DEBUG – Query for buy items after 2023-02-02T12:33:27Z returns 0 results.
STORAGE :: DEBUG – Query for sell items after 2023-02-02T12:33:27Z returns 0 results.
STORAGE :: DEBUG – Query for buy items after 2023-02-02T12:33:32Z returns 0 results.
STORAGE :: DEBUG – Query for sell items after 2023-02-02T12:33:32Z returns 0 results.
STORAGE :: DEBUG – Query for buy items after 2023-02-02T12:33:37Z returns 0 results.
STORAGE :: DEBUG – Query for sell items after 2023-02-02T12:33:37Z returns 0 results.
STORAGE :: DEBUG – Query for buy items after 2023-02-02T12:33:42Z returns 0 results.
STORAGE :: DEBUG – Query for sell items after 2023-02-02T12:33:42Z returns 0 results.
STORAGE :: DEBUG – Query for buy items after 2023-02-02T12:33:47Z returns 0 results.
STORAGE :: DEBUG – Query for sell items after 2023-02-02T12:33:47Z returns 0 results.
STORAGE :: DEBUG – Query for buy items after 2023-02-02T12:33:52Z returns 0 results.
STORAGE :: DEBUG – Query for sell items after 2023-02-02T12:33:52Z returns 0 results.
STORAGE :: DEBUG – Query for buy items after 2023-02-02T12:33:57Z returns 0 results.
STORAGE :: DEBUG – Query for sell items after 2023-02-02T12:33:57Z returns 0 results.
STORAGE :: DEBUG – Query for buy items after 2023-02-02T12:34:02Z returns 0 results.
STORAGE :: DEBUG – Query for sell items after 2023-02-02T12:34:02Z returns 0 results.
STORAGE :: DEBUG – Query for buy items after 2023-02-02T12:34:07Z returns 0 results.
STORAGE :: DEBUG – Query for sell items after 2023-02-02T12:34:07Z returns 0 results.
STORAGE :: DEBUG – Query for buy items after 2023-02-02T12:34:12Z returns 0 results.
STORAGE :: DEBUG – Query for sell items after 2023-02-02T12:34:12Z returns 0 results.
STORAGE :: DEBUG – Query for buy items after 2023-02-02T12:34:17Z returns 0 results.
STORAGE :: DEBUG – Query for sell items after 2023-02-02T12:34:17Z returns 0 results.
STORAGE :: DEBUG – Query for buy items after 2023-02-02T12:34:22Z returns 0 results.
STORAGE :: DEBUG – Query for sell items after 2023-02-02T12:34:22Z returns 0 results.
STORAGE :: DEBUG – Query for buy items after 2023-02-02T12:34:27Z returns 0 results.
STORAGE :: DEBUG – Query for sell items after 2023-02-02T12:34:27Z returns 0 results.
STORAGE :: DEBUG – Query for buy items after 2023-02-02T12:34:32Z returns 0 results.
STORAGE :: DEBUG – Query for sell items after 2023-02-02T12:34:32Z returns 0 results.
STORAGE :: DEBUG – Query for buy items after 2023-02-02T12:34:51Z returns 0 results.
STORAGE :: DEBUG – Query for sell items after 2023-02-02T12:34:51Z returns 0 results.
STORAGE :: DEBUG – Query for buy items after 2023-02-02T12:34:56Z returns 0 results.
STORAGE :: DEBUG – Query for sell items after 2023-02-02T12:34:56Z returns 0 results.
STORAGE :: DEBUG – Stored buy event with trace id a6d5200e-e0e2-41ee-946d-a3ed57f8af57
STORAGE :: DEBUG – Query for buy items after 2023-02-02T12:35:01Z returns 0 results.
STORAGE :: DEBUG – Query for sell items after 2023-02-02T12:35:01Z returns 0 results.
STORAGE :: DEBUG – Query for buy items after 2023-02-02T12:35:06Z returns 0 results.
STORAGE :: DEBUG – Query for sell items after 2023-02-02T12:35:06Z returns 0 results.
STORAGE :: DEBUG – Query for buy items after 2023-02-02T12:35:11Z returns 0 results.
STORAGE :: DEBUG – Query for sell items after 2023-02-02T12:35:11Z returns 0 results.
STORAGE :: DEBUG – Query for buy items after 2023-02-02T12:35:16Z returns 0 results.
STORAGE :: DEBUG – Query for sell items after 2023-02-02T12:35:16Z returns 0 results.
STORAGE :: DEBUG – Query for buy items after 2023-02-02T12:35:21Z returns 0 results.
STORAGE :: DEBUG – Query for sell items after 2023-02-02T12:35:21Z returns 0 results.
STORAGE :: DEBUG – Stored buy event with trace id f8c49178-e1ff-48b2-8924-2406a914fc28
STORAGE :: DEBUG – Query for buy items after 1999-01-02T12:11:14Z returns 9 results.
STORAGE :: DEBUG – Query for buy items after 2023-02-02T12:35:26Z returns 0 results.
STORAGE :: DEBUG – Query for sell items after 2023-02-02T12:35:26Z returns 0 results.
STORAGE :: DEBUG – Query for buy items after 2023-02-02T12:40:42Z returns 0 results.
STORAGE :: DEBUG – Query for sell items after 2023-02-02T12:40:42Z returns 0 results.
STORAGE :: DEBUG – Query for buy items after 2023-02-02T12:35:26Z returns 0 results.
STORAGE :: DEBUG – Query for buy items after 1970-02-02T12:35:26Z returns 9 results.
STORAGE :: DEBUG – Query for buy items after 2023-02-02T12:35:26Z returns 0 results.
STORAGE :: DEBUG – Stored buy event with trace id b5b3c8bc-eab1-4046-83f5-eb2c0f2a0496
STORAGE :: DEBUG – Query for buy items after 2023-02-02T12:35:26Z returns 0 results.
STORAGE :: DEBUG – Query for buy items after 2023-02-02T12:35:26Z returns 0 results.
STORAGE :: DEBUG – Query for buy items after 2023-02-02T12:35:26Z returns 0 results.
STORAGE :: DEBUG – Query for buy items after 2023-02-02T12:35:26Z returns 0 results.
STORAGE :: DEBUG – Query for buy items after 2023-02-02T12:35:26Z returns 0 results.
STORAGE :: DEBUG – Query for buy items after 2023-02-02T12:35:26Z returns 0 results.
STORAGE :: DEBUG – Query for buy items after 2023-02-02T12:35:26Z returns 0 results.
STORAGE :: DEBUG – Query for buy items after 2023-02-02T12:35:26Z returns 0 results.
STORAGE :: DEBUG – Stored buy event with trace id 0e34d6e5-b3de-4d12-b388-aee4111c71b3
STORAGE :: DEBUG – Query for buy items after 2023-02-01T12:35:26Z returns 11 results.
STORAGE :: DEBUG – Query for buy items after 2023-02-02T12:35:26Z returns 0 results.
STORAGE :: DEBUG – Query for buy items after 2023-02-02T12:50:26Z returns 0 results.
STORAGE :: DEBUG – Query for buy items after 2023-02-02T12:11:26Z returns 0 results.
